<?xml version="1.0" encoding="UTF-8"?>
<testsuite name="com.bestbuy.bestbuyinfo.ProductsCRUDTest" time="0.292" tests="4" errors="1" skipped="0" failures="2">
  <properties>
[...]
</properties>
  <testcase name="test001" classname="com.bestbuy.bestbuyinfo.ProductsCRUDTest" time="0.092"/>
  <testcase name="test002" classname="com.bestbuy.bestbuyinfo.ProductsCRUDTest" time="0.051">
    <error type="java.lang.NullPointerException:">java.lang.NullPointerException: null
	at io.restassured.internal.print.ResponsePrinter.print(ResponsePrinter.java:46)
	at io.restassured.internal.ValidatableResponseOptionsImpl.logResponse(ValidatableResponseOptionsImpl.java:423)
	at io.restassured.internal.ValidatableResponseOptionsImpl.logResponse(ValidatableResponseOptionsImpl.java:419)
	at io.restassured.internal.ValidatableResponseOptionsImpl.logResponse(ValidatableResponseOptionsImpl.java:415)
	at io.restassured.internal.ValidatableResponseOptionsImpl.all(ValidatableResponseOptionsImpl.java:371)
	at com.bestbuy.bestbuyinfo.ProductsCRUDTest.test002(ProductsCRUDTest.java:73)
</error>
    <system-out><![CDATA[Request method:	GET
Request URI:	http://localhost:3030/products/%7Bid%7D
Proxy:			<none>
Request params:	<none>
Query params:	<none>
Form params:	<none>
Path params:	<none>
Multiparts:		<none>
Headers:		Accept=*/*
Cookies:		<none>
Body:			<none>
]]></system-out>
  </testcase>
  <testcase name="test003" classname="com.bestbuy.bestbuyinfo.ProductsCRUDTest" time="0.106">
    <failure message="1 expectation failed.&#10;Expected status code &lt;200&gt; but was &lt;404&gt;.&#10;" type="java.lang.AssertionError"><![CDATA[java.lang.AssertionError: 1 expectation failed.
Expected status code <200> but was <404>.

	at sun.reflect.NativeConstructorAccessorImpl.newInstance0(Native Method)
	at sun.reflect.NativeConstructorAccessorImpl.newInstance(NativeConstructorAccessorImpl.java:62)
	at sun.reflect.DelegatingConstructorAccessorImpl.newInstance(DelegatingConstructorAccessorImpl.java:45)
	at java.lang.reflect.Constructor.newInstance(Constructor.java:423)
	at org.codehaus.groovy.reflection.CachedConstructor.invoke(CachedConstructor.java:83)
	at org.codehaus.groovy.reflection.CachedConstructor.doConstructorInvoke(CachedConstructor.java:77)
	at org.codehaus.groovy.runtime.callsite.ConstructorSite$ConstructorSiteNoUnwrap.callConstructor(ConstructorSite.java:84)
	at org.codehaus.groovy.runtime.callsite.CallSiteArray.defaultCallConstructor(CallSiteArray.java:60)
	at org.codehaus.groovy.runtime.callsite.AbstractCallSite.callConstructor(AbstractCallSite.java:235)
	at org.codehaus.groovy.runtime.callsite.AbstractCallSite.callConstructor(AbstractCallSite.java:247)
	at io.restassured.internal.ResponseSpecificationImpl$HamcrestAssertionClosure.validate(ResponseSpecificationImpl.groovy:471)
	at io.restassured.internal.ResponseSpecificationImpl$HamcrestAssertionClosure$validate$1.call(Unknown Source)
	at io.restassured.internal.ResponseSpecificationImpl.validateResponseIfRequired(ResponseSpecificationImpl.groovy:636)
	at sun.reflect.NativeMethodAccessorImpl.invoke0(Native Method)
	at sun.reflect.NativeMethodAccessorImpl.invoke(NativeMethodAccessorImpl.java:62)
	at sun.reflect.DelegatingMethodAccessorImpl.invoke(DelegatingMethodAccessorImpl.java:43)
	at java.lang.reflect.Method.invoke(Method.java:498)
	at org.codehaus.groovy.runtime.callsite.PogoMetaMethodSite$PogoCachedMethodSiteNoUnwrapNoCoerce.invoke(PogoMetaMethodSite.java:210)
	at org.codehaus.groovy.runtime.callsite.PogoMetaMethodSite.callCurrent(PogoMetaMethodSite.java:59)
	at org.codehaus.groovy.runtime.callsite.AbstractCallSite.callCurrent(AbstractCallSite.java:166)
	at io.restassured.internal.ResponseSpecificationImpl.statusCode(ResponseSpecificationImpl.groovy:122)
	at io.restassured.specification.ResponseSpecification$statusCode$0.callCurrent(Unknown Source)
	at io.restassured.internal.ResponseSpecificationImpl.statusCode(ResponseSpecificationImpl.groovy:130)
	at io.restassured.internal.ValidatableResponseOptionsImpl.statusCode(ValidatableResponseOptionsImpl.java:117)
	at com.bestbuy.bestbuyinfo.ProductsCRUDTest.test003(ProductsCRUDTest.java:108)
]]></failure>
    <system-out><![CDATA[Request method:	PUT
Request URI:	http://localhost:3030/products/0
Proxy:			<none>
Request params:	<none>
Query params:	<none>
Form params:	<none>
Path params:	id=0
Multiparts:		<none>
Headers:		Accept=*/*
				Content-Type=application/json; charset=UTF-8
Cookies:		<none>
Body:
{
    "name": "Cream Cookies6317_Updated",
    "type": "Biscuits68511",
    "price": 326661,
    "shipping": 447100,
    "upc": "Next day55904",
    "description": "Cream Based Biscuits95552",
    "manufacturer": "Oreo52327",
    "model": "Fun Size93341",
    "url": "www.cookie.com",
    "image": "http://img.bbystatic.com/BestBuy_US/images/products/4390/43900_sa.jpg"
}
HTTP/1.1 404 Not Found
X-Powered-By: Express
Access-Control-Allow-Origin: *
Allow: GET,POST,PUT,PATCH,DELETE
Content-Type: application/json; charset=utf-8
Content-Length: 105
ETag: W/"69-I0u8sy7zuJnokbXHOiDmc8NAyAg"
Vary: Accept-Encoding
Date: Tue, 20 Jul 2021 20:50:40 GMT
Connection: keep-alive
Keep-Alive: timeout=5

{
    "name": "NotFound",
    "message": "No record found for id '0'",
    "code": 404,
    "className": "not-found",
    "errors": {
        
    }
}
]]></system-out>
  </testcase>
  <testcase name="test004" classname="com.bestbuy.bestbuyinfo.ProductsCRUDTest" time="0.043">
    <failure message="1 expectation failed.&#10;Expected status code &lt;204&gt; but was &lt;404&gt;.&#10;" type="java.lang.AssertionError"><![CDATA[java.lang.AssertionError: 1 expectation failed.
Expected status code <204> but was <404>.

	at sun.reflect.NativeConstructorAccessorImpl.newInstance0(Native Method)
	at sun.reflect.NativeConstructorAccessorImpl.newInstance(NativeConstructorAccessorImpl.java:62)
	at sun.reflect.DelegatingConstructorAccessorImpl.newInstance(DelegatingConstructorAccessorImpl.java:45)
	at java.lang.reflect.Constructor.newInstance(Constructor.java:423)
	at org.codehaus.groovy.reflection.CachedConstructor.invoke(CachedConstructor.java:83)
	at org.codehaus.groovy.reflection.CachedConstructor.doConstructorInvoke(CachedConstructor.java:77)
	at org.codehaus.groovy.runtime.callsite.ConstructorSite$ConstructorSiteNoUnwrap.callConstructor(ConstructorSite.java:84)
	at org.codehaus.groovy.runtime.callsite.AbstractCallSite.callConstructor(AbstractCallSite.java:247)
	at io.restassured.internal.ResponseSpecificationImpl$HamcrestAssertionClosure.validate(ResponseSpecificationImpl.groovy:471)
	at io.restassured.internal.ResponseSpecificationImpl$HamcrestAssertionClosure$validate$1.call(Unknown Source)
	at io.restassured.internal.ResponseSpecificationImpl.validateResponseIfRequired(ResponseSpecificationImpl.groovy:636)
	at sun.reflect.NativeMethodAccessorImpl.invoke0(Native Method)
	at sun.reflect.NativeMethodAccessorImpl.invoke(NativeMethodAccessorImpl.java:62)
	at sun.reflect.DelegatingMethodAccessorImpl.invoke(DelegatingMethodAccessorImpl.java:43)
	at java.lang.reflect.Method.invoke(Method.java:498)
	at org.codehaus.groovy.runtime.callsite.PogoMetaMethodSite$PogoCachedMethodSiteNoUnwrapNoCoerce.invoke(PogoMetaMethodSite.java:210)
	at org.codehaus.groovy.runtime.callsite.PogoMetaMethodSite.callCurrent(PogoMetaMethodSite.java:59)
	at org.codehaus.groovy.runtime.callsite.AbstractCallSite.callCurrent(AbstractCallSite.java:166)
	at io.restassured.internal.ResponseSpecificationImpl.statusCode(ResponseSpecificationImpl.groovy:122)
	at io.restassured.specification.ResponseSpecification$statusCode$0.callCurrent(Unknown Source)
	at io.restassured.internal.ResponseSpecificationImpl.statusCode(ResponseSpecificationImpl.groovy:130)
	at io.restassured.internal.ValidatableResponseOptionsImpl.statusCode(ValidatableResponseOptionsImpl.java:117)
	at com.bestbuy.bestbuyinfo.ProductsCRUDTest.test004(ProductsCRUDTest.java:132)
]]></failure>
  </testcase>
</testsuite>