<?xml version="1.0" encoding="UTF-8"?><testsuite errors="0" failures="0" name="com.bestbuy.bestbuyinfo.ServicesCRUDTestWithSteps" skipped="0" tests="4" time="5.26" timestamp="2021-07-21T00:00:06.387+01:00[Europe/London]"><testcase classname="com.bestbuy.bestbuyinfo.ServicesCRUDTestWithSteps" name="This test will create a new services and verify its generated"/><testcase classname="com.bestbuy.bestbuyinfo.ServicesCRUDTestWithSteps" name="This test will get the services information by ID"/><testcase classname="com.bestbuy.bestbuyinfo.ServicesCRUDTestWithSteps" name="This test will update the services information and verify the updated information"/><testcase classname="com.bestbuy.bestbuyinfo.ServicesCRUDTestWithSteps" name="This test will delete the categories information and verify the categories is deleted "/></testsuite>