<?xml version="1.0" encoding="UTF-8"?><testsuite errors="1" failures="0" name="com.bestbuy.bestbuyinfo.StoresCRUDTest" skipped="0" tests="2" time="0.3" timestamp="2021-07-20T21:50:40.680+01:00[Europe/London]"><testcase classname="com.bestbuy.bestbuyinfo.StoresCRUDTest" name="This Will create a new Store Information"/><testcase classname="com.bestbuy.bestbuyinfo.StoresCRUDTest" name="Verify if store was added to the application"><error message="No such property: city for class: java.util.HashMap$Node&#10;Possible solutions: key" type="groovy.lang.MissingPropertyException">No such property: city for class: java.util.HashMap$Node
Possible solutions: key</error><system-err>No such property: city for class: java.util.HashMap$Node
Possible solutions: key&#13;
groovy.lang.MetaMethod.doMethodInvoke(MetaMethod.java:325)&#13;
groovy.lang.MetaClassImpl.invokeMethod(MetaClassImpl.java:1022)&#13;
Script1.run(Script1.groovy:1)&#13;
groovy.lang.GroovyShell.evaluate(GroovyShell.java:585)&#13;
groovy.lang.GroovyShell.evaluate(GroovyShell.java:623)&#13;
groovy.lang.GroovyShell.evaluate(GroovyShell.java:594)&#13;
io.restassured.internal.path.json.JSONAssertion.eval(JSONAssertion.groovy:80)&#13;
io.restassured.internal.path.json.JSONAssertion.getAsJsonObject(JSONAssertion.groovy:46)&#13;
io.restassured.internal.path.json.JSONAssertion.getResult(JSONAssertion.groovy:28)&#13;
io.restassured.path.json.JsonPath.get(JsonPath.java:202)&#13;
io.restassured.internal.RestAssuredResponseOptionsGroovyImpl.path(RestAssuredResponseOptionsGroovyImpl.groovy:398)&#13;
io.restassured.internal.RestAssuredResponseOptionsImpl.path(RestAssuredResponseOptionsImpl.java:200)&#13;
com.bestbuy.bestbuyinfo.StoresCRUDTest.verifyAdditionOfStore(StoresCRUDTest.java:69)&#13;
</system-err></testcase></testsuite>