<?xml version="1.0" encoding="UTF-8"?><testsuite errors="0" failures="0" name="com.bestbuy.bestbuyinfo.ProductCRUDTestWithSteps" skipped="0" tests="4" time="6.35" timestamp="2021-07-20T21:51:06.721+01:00[Europe/London]"><testcase classname="com.bestbuy.bestbuyinfo.ProductCRUDTestWithSteps" name="This will create new product"/><testcase classname="com.bestbuy.bestbuyinfo.ProductCRUDTestWithSteps" name="This will read product- By product ID "/><testcase classname="com.bestbuy.bestbuyinfo.ProductCRUDTestWithSteps" name="This will Update product"/><testcase classname="com.bestbuy.bestbuyinfo.ProductCRUDTestWithSteps" name="This will delete and verify if product is deleted"/></testsuite>