<?xml version="1.0" encoding="UTF-8"?><testsuite errors="0" failures="0" name="com.bestbuy.bestbuyinfo.StoresCRUDTestWithSteps" skipped="0" tests="4" time="5.54" timestamp="2021-07-20T23:22:54.906+01:00[Europe/London]"><testcase classname="com.bestbuy.bestbuyinfo.StoresCRUDTestWithSteps" name="This will create new store"/><testcase classname="com.bestbuy.bestbuyinfo.StoresCRUDTestWithSteps" name="This will read store- By store ID "/><testcase classname="com.bestbuy.bestbuyinfo.StoresCRUDTestWithSteps" name="This will Update store"/><testcase classname="com.bestbuy.bestbuyinfo.StoresCRUDTestWithSteps" name="This will delete and verify if store is deleted"/></testsuite>